2012-01-06 19:12:39,882 [1325873559] Using the local log file '.\\arbiterd.log'

2012-01-06 19:12:39,884 [1325873559] And arbiter is launched with the hostname:Win7-test from an arbiter point of view of addr :Win7-test

2012-01-06 19:12:39,885 [1325873559] Begin to dispatch configurations to satellites

2012-01-06 19:12:40,891 [1325873560] Add failed attempt to scheduler-1 (1/3) cannot connect: [Errno 10061] No connection could be made because the target machine actively refused it

2012-01-06 19:12:42,900 [1325873562] Add failed attempt to reactionner-1 (1/3) cannot connect: [Errno 10061] No connection could be made because the target machine actively refused it

2012-01-06 19:12:44,900 [1325873564] Add failed attempt to poller-1 (1/3) cannot connect: [Errno 10061] No connection could be made because the target machine actively refused it

2012-01-06 19:12:46,910 [1325873566] Add failed attempt to broker-1 (1/3) cannot connect: [Errno 10061] No connection could be made because the target machine actively refused it

2012-01-06 19:12:47,914 [1325873567] Dispatching Realm All

2012-01-06 19:12:47,914 [1325873567] [All] Dispatching 1/1 configurations

2012-01-06 19:12:47,915 [1325873567] [All] Schedulers order : scheduler-1

2012-01-06 19:12:47,915 [1325873567] [All] Dispatching configuration 0

2012-01-06 19:12:47,915 [1325873567] [All] Trying to send conf 0 to scheduler scheduler-1

2012-01-06 19:12:48,921 [1325873568] [All] WARNING : configuration dispatching error for scheduler scheduler-1

2012-01-06 19:12:48,921 [1325873568] WARNING : All schedulers configurations are not dispatched, 1 are missing

2012-01-06 19:12:49,921 [1325873569] Scheduler configuration 0 is unmanaged!!

2012-01-06 19:12:49,923 [1325873569] Warning : Missing satellite reactionner for configuration 0 :

2012-01-06 19:12:49,923 [1325873569] Warning : Missing satellite poller for configuration 0 :

2012-01-06 19:12:49,924 [1325873569] Warning : Missing satellite broker for configuration 0 :

2012-01-06 19:12:49,924 [1325873569] Dispatching Realm All

2012-01-06 19:12:49,924 [1325873569] [All] Dispatching 1/1 configurations

2012-01-06 19:12:49,924 [1325873569] [All] Schedulers order : scheduler-1

2012-01-06 19:12:49,926 [1325873569] [All] Dispatching configuration 0

2012-01-06 19:12:49,926 [1325873569] [All] Trying to send conf 0 to scheduler scheduler-1

2012-01-06 19:12:50,931 [1325873570] [All] WARNING : configuration dispatching error for scheduler scheduler-1

2012-01-06 19:12:50,931 [1325873570] WARNING : All schedulers configurations are not dispatched, 1 are missing

2012-01-06 19:12:53,940 [1325873573] Scheduler configuration 0 is unmanaged!!

2012-01-06 19:12:53,940 [1325873573] Warning : Missing satellite reactionner for configuration 0 :

2012-01-06 19:12:53,940 [1325873573] Warning : Missing satellite poller for configuration 0 :

2012-01-06 19:12:53,941 [1325873573] Warning : Missing satellite broker for configuration 0 :

2012-01-06 19:12:53,941 [1325873573] Dispatching Realm All

2012-01-06 19:12:53,943 [1325873573] [All] Dispatching 1/1 configurations

2012-01-06 19:12:53,943 [1325873573] [All] Schedulers order : scheduler-1

2012-01-06 19:12:53,944 [1325873573] [All] Dispatching configuration 0

2012-01-06 19:12:53,944 [1325873573] [All] Trying to send conf 0 to scheduler scheduler-1

2012-01-06 19:12:54,948 [1325873574] [All] WARNING : configuration dispatching error for scheduler scheduler-1

2012-01-06 19:12:54,948 [1325873574] WARNING : All schedulers configurations are not dispatched, 1 are missing

2012-01-06 19:12:57,954 [1325873577] Scheduler configuration 0 is unmanaged!!

2012-01-06 19:12:57,956 [1325873577] Warning : Missing satellite reactionner for configuration 0 :

2012-01-06 19:12:57,956 [1325873577] Warning : Missing satellite poller for configuration 0 :

2012-01-06 19:12:57,957 [1325873577] Warning : Missing satellite broker for configuration 0 :

2012-01-06 19:12:57,957 [1325873577] Dispatching Realm All

2012-01-06 19:12:57,957 [1325873577] [All] Dispatching 1/1 configurations

2012-01-06 19:12:57,957 [1325873577] [All] Schedulers order : scheduler-1

2012-01-06 19:12:57,957 [1325873577] [All] Dispatching configuration 0

2012-01-06 19:12:57,957 [1325873577] [All] Trying to send conf 0 to scheduler scheduler-1

2012-01-06 19:12:58,963 [1325873578] [All] WARNING : configuration dispatching error for scheduler scheduler-1

2012-01-06 19:12:58,963 [1325873578] WARNING : All schedulers configurations are not dispatched, 1 are missing

2012-01-06 19:13:01,970 [1325873581] Scheduler configuration 0 is unmanaged!!

2012-01-06 19:13:01,971 [1325873581] Warning : Missing satellite reactionner for configuration 0 :

2012-01-06 19:13:01,971 [1325873581] Warning : Missing satellite poller for configuration 0 :

2012-01-06 19:13:01,973 [1325873581] Warning : Missing satellite broker for configuration 0 :

2012-01-06 19:13:01,973 [1325873581] Dispatching Realm All

2012-01-06 19:13:01,973 [1325873581] [All] Dispatching 1/1 configurations

2012-01-06 19:13:01,973 [1325873581] [All] Schedulers order : scheduler-1

2012-01-06 19:13:01,973 [1325873581] [All] Dispatching configuration 0

2012-01-06 19:13:01,974 [1325873581] [All] Trying to send conf 0 to scheduler scheduler-1

